Using pre-set license
Built from '2020.2/staging' branch; Version is '2020.2.6f1 (8a2143876886) revision 9052483'; Using compiler version '192528614'; Build Type 'Release'
OS: 'Windows 10 Home; OS build 18363.1379; Version 1909; 64bit' Language: 'en' Physical Memory: 32697 MB
BatchMode: 1, IsHumanControllingUs: 0, StartBugReporterOnCrash: 0, Is64bit: 1, IsPro: 0

 COMMAND LINE ARGUMENTS:
C:\Program Files\Unity\Hub\Editor\2020.2.6f1\Editor\Unity.exe
-adb2
-batchMode
-noUpm
-name
AssetImportWorker0
-projectPath
C:/Users/Alastair Vallance/Documents/GitHub/Patient_Zero_Unity/Patient_Zero
-logFile
Logs/AssetImportWorker0.log
-srvPort
50301
Successfully changed project path to: C:/Users/Alastair Vallance/Documents/GitHub/Patient_Zero_Unity/Patient_Zero
C:/Users/Alastair Vallance/Documents/GitHub/Patient_Zero_Unity/Patient_Zero
Using Asset Import Pipeline V2.
Refreshing native plugins compatible for Editor in 26.53 ms, found 0 plugins.
Preloading 0 native plugins for Editor in 0.00 ms.
Initialize engine version: 2020.2.6f1 (8a2143876886)
[Subsystems] Discovering subsystems at path C:/Program Files/Unity/Hub/Editor/2020.2.6f1/Editor/Data/Resources/UnitySubsystems
[Subsystems] Discovering subsystems at path C:/Users/Alastair Vallance/Documents/GitHub/Patient_Zero_Unity/Patient_Zero/Assets
GfxDevice: creating device client; threaded=0
Direct3D:
    Version:  Direct3D 11.0 [level 11.1]
    Renderer: NVIDIA GeForce GTX 1060 6GB (ID=0x1c03)
    Vendor:   
    VRAM:     6052 MB
    Driver:   27.21.14.6172
Initialize mono
Mono path[0] = 'C:/Program Files/Unity/Hub/Editor/2020.2.6f1/Editor/Data/Managed'
Mono path[1] = 'C:/Program Files/Unity/Hub/Editor/2020.2.6f1/Editor/Data/MonoBleedingEdge/lib/mono/unityjit'
Mono config path = 'C:/Program Files/Unity/Hub/Editor/2020.2.6f1/Editor/Data/MonoBleedingEdge/etc'
Using monoOptions --debugger-agent=transport=dt_socket,embedding=1,server=y,suspend=n,address=127.0.0.1:56468
Begin MonoManager ReloadAssembly
Registering precompiled unity dll's ...
Register platform support module: C:/Program Files/Unity/Hub/Editor/2020.2.6f1/Editor/Data/PlaybackEngines/WindowsStandaloneSupport/UnityEditor.WindowsStandalone.Extensions.dll
Registered in 0.004133 seconds.
Native extension for WindowsStandalone target not found
Refreshing native plugins compatible for Editor in 28.88 ms, found 0 plugins.
Preloading 0 native plugins for Editor in 0.00 ms.
Invoked RoslynAnalysisRunner static constructor.
RoslynAnalysisRunner will not be running.
RoslynAnalysisRunner has terminated.
Mono: successfully reloaded assembly
- Completed reload, in  1.479 seconds
Platform modules already initialized, skipping
Registering precompiled user dll's ...
Registered in 0.001567 seconds.
Begin MonoManager ReloadAssembly
Native extension for WindowsStandalone target not found
Refreshing native plugins compatible for Editor in 0.24 ms, found 0 plugins.
Preloading 0 native plugins for Editor in 0.00 ms.
Invoked RoslynAnalysisRunner static constructor.
RoslynAnalysisRunner will not be running.
RoslynAnalysisRunner has terminated.
Mono: successfully reloaded assembly
- Completed reload, in  0.988 seconds
Platform modules already initialized, skipping
========================================================================
Worker process is ready to serve import requests
Launched and connected shader compiler UnityShaderCompiler.exe after 0.06 seconds
Refreshing native plugins compatible for Editor in 0.26 ms, found 0 plugins.
Preloading 0 native plugins for Editor in 0.00 ms.
Unloading 1114 Unused Serialized files (Serialized files now loaded: 0)
System memory in use before: 57.3 MB.
System memory in use after: 57.4 MB.

Unloading 10 unused Assets to reduce memory usage. Loaded Objects now: 1555.
Total: 2.019900 ms (FindLiveObjects: 0.187800 ms CreateObjectMapping: 0.032000 ms MarkObjects: 1.690300 ms  DeleteObjects: 0.108600 ms)

========================================================================
Received Import Request.
  path: Assets/Scenes/Tutorial.unity
  artifactKey: Guid(8f776ee643b132c838c6ed979f5d032b) Importer(815301076,1909f56bfc062723c751e8b465ee728b)
Start importing Assets/Scenes/Tutorial.unity using Guid(8f776ee643b132c838c6ed979f5d032b) Importer(815301076,1909f56bfc062723c751e8b465ee728b)  -> (artifact id: '0b35366d8763d99e7a333623a1850118') in 0.050839 seconds
  Import took 0.053455 seconds .

========================================================================
Received Import Request.
  Time since last request: 246.350520 seconds.
  path: Assets/Scenes/BaseCampHub.unity
  artifactKey: Guid(f912a646d11a3cc42893900bcf72720a) Importer(815301076,1909f56bfc062723c751e8b465ee728b)
Start importing Assets/Scenes/BaseCampHub.unity using Guid(f912a646d11a3cc42893900bcf72720a) Importer(815301076,1909f56bfc062723c751e8b465ee728b)  -> (artifact id: '9df32c4a23731d06fc2d632e9f2e2bed') in 0.005254 seconds
  Import took 0.007628 seconds .

========================================================================
Received Import Request.
  Time since last request: 3.539975 seconds.
  path: Assets/Scenes
  artifactKey: Guid(4029663848f7b0deba81d34f04e28006) Importer(815301076,1909f56bfc062723c751e8b465ee728b)
Start importing Assets/Scenes using Guid(4029663848f7b0deba81d34f04e28006) Importer(815301076,1909f56bfc062723c751e8b465ee728b)  -> (artifact id: '5180b2831218fe6e3472016be45f548c') in 0.005310 seconds
  Import took 0.007987 seconds .

========================================================================
Received Import Request.
  Time since last request: 14.210355 seconds.
  path: Assets/Scenes/MainMenu.unity
  artifactKey: Guid(e9296e910a5daaf4086a56bcc4e85588) Importer(815301076,1909f56bfc062723c751e8b465ee728b)
Start importing Assets/Scenes/MainMenu.unity using Guid(e9296e910a5daaf4086a56bcc4e85588) Importer(815301076,1909f56bfc062723c751e8b465ee728b)  -> (artifact id: '0c2d78ed56fb92ecc8c8dd68c944b982') in 0.006485 seconds
  Import took 0.009105 seconds .

========================================================================
Received Import Request.
  Time since last request: 0.003983 seconds.
  path: Assets/Scenes/MainMenu.unity
  artifactKey: Guid(e9296e910a5daaf4086a56bcc4e85588) Importer(815301076,1909f56bfc062723c751e8b465ee728b)
Start importing Assets/Scenes/MainMenu.unity using Guid(e9296e910a5daaf4086a56bcc4e85588) Importer(815301076,1909f56bfc062723c751e8b465ee728b)  -> (artifact id: '0c2d78ed56fb92ecc8c8dd68c944b982') in 0.003680 seconds
  Import took 0.005744 seconds .

========================================================================
Received Import Request.
  Time since last request: 51.715449 seconds.
  path: Assets/Scenes/New Scene.unity
  artifactKey: Guid(c3ef2b02c7a9391408eb81fddb908a29) Importer(815301076,1909f56bfc062723c751e8b465ee728b)
Start importing Assets/Scenes/New Scene.unity using Guid(c3ef2b02c7a9391408eb81fddb908a29) Importer(815301076,1909f56bfc062723c751e8b465ee728b)  -> (artifact id: 'ead735c719dfeefb4758520653631584') in 0.005339 seconds
  Import took 0.007616 seconds .

========================================================================
Received Import Request.
  Time since last request: 0.000491 seconds.
  path: Assets/Scenes/New Scene.unity
  artifactKey: Guid(c3ef2b02c7a9391408eb81fddb908a29) Importer(815301076,1909f56bfc062723c751e8b465ee728b)
Start importing Assets/Scenes/New Scene.unity using Guid(c3ef2b02c7a9391408eb81fddb908a29) Importer(815301076,1909f56bfc062723c751e8b465ee728b)  -> (artifact id: 'ead735c719dfeefb4758520653631584') in 0.003738 seconds
  Import took 0.005751 seconds .

========================================================================
Received Import Request.
  Time since last request: 14.137880 seconds.
  path: Assets/Scenes/TownScene1to4.unity
  artifactKey: Guid(c3ef2b02c7a9391408eb81fddb908a29) Importer(815301076,1909f56bfc062723c751e8b465ee728b)
Start importing Assets/Scenes/TownScene1to4.unity using Guid(c3ef2b02c7a9391408eb81fddb908a29) Importer(815301076,1909f56bfc062723c751e8b465ee728b)  -> (artifact id: '6ad23160f48cc7cfa13376321878711b') in 0.004551 seconds
  Import took 0.006728 seconds .

========================================================================
Received Import Request.
  Time since last request: 0.001600 seconds.
  path: Assets/Scenes/TownScene1to4.unity
  artifactKey: Guid(c3ef2b02c7a9391408eb81fddb908a29) Importer(815301076,1909f56bfc062723c751e8b465ee728b)
Start importing Assets/Scenes/TownScene1to4.unity using Guid(c3ef2b02c7a9391408eb81fddb908a29) Importer(815301076,1909f56bfc062723c751e8b465ee728b)  -> (artifact id: '6ad23160f48cc7cfa13376321878711b') in 0.003599 seconds
  Import took 0.005639 seconds .

========================================================================
Received Import Request.
  Time since last request: 24.514165 seconds.
  path: Assets/Scenes/ShoppingCentre.unity
  artifactKey: Guid(8032a5f69fa22a64aaec7b577ab9c68c) Importer(815301076,1909f56bfc062723c751e8b465ee728b)
Start importing Assets/Scenes/ShoppingCentre.unity using Guid(8032a5f69fa22a64aaec7b577ab9c68c) Importer(815301076,1909f56bfc062723c751e8b465ee728b)  -> (artifact id: '9573c2517697aee7ede081c968d855cf') in 0.006503 seconds
  Import took 0.009514 seconds .

========================================================================
Received Import Request.
  Time since last request: 0.000505 seconds.
  path: Assets/Scenes/ShoppingCentre.unity
  artifactKey: Guid(8032a5f69fa22a64aaec7b577ab9c68c) Importer(815301076,1909f56bfc062723c751e8b465ee728b)
Start importing Assets/Scenes/ShoppingCentre.unity using Guid(8032a5f69fa22a64aaec7b577ab9c68c) Importer(815301076,1909f56bfc062723c751e8b465ee728b)  -> (artifact id: '9573c2517697aee7ede081c968d855cf') in 0.004069 seconds
  Import took 0.006670 seconds .

========================================================================
Received Import Request.
  Time since last request: 21.947571 seconds.
  path: Assets/Scenes/Hospital.unity
  artifactKey: Guid(f0bee1d887ed63d4aa63f9dcc919bb22) Importer(815301076,1909f56bfc062723c751e8b465ee728b)
Start importing Assets/Scenes/Hospital.unity using Guid(f0bee1d887ed63d4aa63f9dcc919bb22) Importer(815301076,1909f56bfc062723c751e8b465ee728b)  -> (artifact id: '16c2544ab0b1296c04ae374a66bc2553') in 0.004729 seconds
  Import took 0.007238 seconds .

========================================================================
Received Import Request.
  Time since last request: 16.529388 seconds.
  path: Assets/Scenes/FinalTower.unity
  artifactKey: Guid(4dbd1e6653c887544af07632deacd001) Importer(815301076,1909f56bfc062723c751e8b465ee728b)
Start importing Assets/Scenes/FinalTower.unity using Guid(4dbd1e6653c887544af07632deacd001) Importer(815301076,1909f56bfc062723c751e8b465ee728b)  -> (artifact id: '9dd0edd9ce8831c69af89eb795642a88') in 0.004944 seconds
  Import took 0.007562 seconds .

========================================================================
Received Import Request.
  Time since last request: 0.003735 seconds.
  path: Assets/Scenes/FinalTower.unity
  artifactKey: Guid(4dbd1e6653c887544af07632deacd001) Importer(815301076,1909f56bfc062723c751e8b465ee728b)
Start importing Assets/Scenes/FinalTower.unity using Guid(4dbd1e6653c887544af07632deacd001) Importer(815301076,1909f56bfc062723c751e8b465ee728b)  -> (artifact id: '9dd0edd9ce8831c69af89eb795642a88') in 0.004960 seconds
  Import took 0.007423 seconds .

AssetImportWorkerClient::OnTransportError - code=2 error=End of file
